Performing C SOURCE FILE Test CMAKE_HAVE_LIBC_PTHREAD failed with the following output:
Change Dir: /home/pi/puppy_pi/build/CMakeFiles/CMakeTmp

Run Build Command(s):/usr/bin/make cmTC_7b522/fast && /usr/bin/make -f CMakeFiles/cmTC_7b522.dir/build.make CMakeFiles/cmTC_7b522.dir/build
make[1]: 进入目录“/home/pi/puppy_pi/build/CMakeFiles/CMakeTmp”
Building C object CMakeFiles/cmTC_7b522.dir/src.c.o
/usr/bin/cc   -DCMAKE_HAVE_LIBC_PTHREAD   -o CMakeFiles/cmTC_7b522.dir/src.c.o   -c /home/pi/puppy_pi/build/CMakeFiles/CMakeTmp/src.c
Linking C executable cmTC_7b522
/usr/bin/cmake -E cmake_link_script CMakeFiles/cmTC_7b522.dir/link.txt --verbose=1
/usr/bin/cc  -DCMAKE_HAVE_LIBC_PTHREAD    -rdynamic CMakeFiles/cmTC_7b522.dir/src.c.o  -o cmTC_7b522 
/usr/bin/ld: CMakeFiles/cmTC_7b522.dir/src.c.o: in function `main':
src.c:(.text+0x34): undefined reference to `pthread_create'
/usr/bin/ld: src.c:(.text+0x3c): undefined reference to `pthread_detach'
/usr/bin/ld: src.c:(.text+0x48): undefined reference to `pthread_join'
collect2: error: ld returned 1 exit status
make[1]: *** [CMakeFiles/cmTC_7b522.dir/build.make:87：cmTC_7b522] 错误 1
make[1]: 离开目录“/home/pi/puppy_pi/build/CMakeFiles/CMakeTmp”
make: *** [Makefile:121：cmTC_7b522/fast] 错误 2


Source file was:
#include <pthread.h>

void* test_func(void* data)
{
  return data;
}

int main(void)
{
  pthread_t thread;
  pthread_create(&thread, NULL, test_func, NULL);
  pthread_detach(thread);
  pthread_join(thread, NULL);
  pthread_atfork(NULL, NULL, NULL);
  pthread_exit(NULL);

  return 0;
}

Determining if the function pthread_create exists in the pthreads failed with the following output:
Change Dir: /home/pi/puppy_pi/build/CMakeFiles/CMakeTmp

Run Build Command(s):/usr/bin/make cmTC_860dd/fast && /usr/bin/make -f CMakeFiles/cmTC_860dd.dir/build.make CMakeFiles/cmTC_860dd.dir/build
make[1]: 进入目录“/home/pi/puppy_pi/build/CMakeFiles/CMakeTmp”
Building C object CMakeFiles/cmTC_860dd.dir/CheckFunctionExists.c.o
/usr/bin/cc   -DCHECK_FUNCTION_EXISTS=pthread_create   -o CMakeFiles/cmTC_860dd.dir/CheckFunctionExists.c.o   -c /usr/share/cmake-3.16/Modules/CheckFunctionExists.c
Linking C executable cmTC_860dd
/usr/bin/cmake -E cmake_link_script CMakeFiles/cmTC_860dd.dir/link.txt --verbose=1
/usr/bin/cc  -DCHECK_FUNCTION_EXISTS=pthread_create    -rdynamic CMakeFiles/cmTC_860dd.dir/CheckFunctionExists.c.o  -o cmTC_860dd  -lpthreads 
/usr/bin/ld: 找不到 -lpthreads
collect2: error: ld returned 1 exit status
make[1]: *** [CMakeFiles/cmTC_860dd.dir/build.make:87：cmTC_860dd] 错误 1
make[1]: 离开目录“/home/pi/puppy_pi/build/CMakeFiles/CMakeTmp”
make: *** [Makefile:121：cmTC_860dd/fast] 错误 2



Determining if the include file FL/Fl.H exists failed with the following output:
Change Dir: /home/pi/puppy_pi/build/CMakeFiles/CMakeTmp

Run Build Command(s):/usr/bin/make cmTC_63903/fast && /usr/bin/make -f CMakeFiles/cmTC_63903.dir/build.make CMakeFiles/cmTC_63903.dir/build
make[1]: 进入目录“/home/pi/puppy_pi/build/CMakeFiles/CMakeTmp”
Building CXX object CMakeFiles/cmTC_63903.dir/CheckIncludeFile.cxx.o
/usr/bin/c++     -o CMakeFiles/cmTC_63903.dir/CheckIncludeFile.cxx.o -c /home/pi/puppy_pi/build/CMakeFiles/CMakeTmp/CheckIncludeFile.cxx
/home/pi/puppy_pi/build/CMakeFiles/CMakeTmp/CheckIncludeFile.cxx:1:10: fatal error: FL/Fl.H: 没有那个文件或目录
 #include <FL/Fl.H>
          ^~~~~~~~~
compilation terminated.
make[1]: *** [CMakeFiles/cmTC_63903.dir/build.make:66：CMakeFiles/cmTC_63903.dir/CheckIncludeFile.cxx.o] 错误 1
make[1]: 离开目录“/home/pi/puppy_pi/build/CMakeFiles/CMakeTmp”
make: *** [Makefile:121：cmTC_63903/fast] 错误 2



Determining if the include file pgm.h exists failed with the following output:
Change Dir: /home/pi/puppy_pi/build/CMakeFiles/CMakeTmp

Run Build Command(s):/usr/bin/make cmTC_4c0a3/fast && /usr/bin/make -f CMakeFiles/cmTC_4c0a3.dir/build.make CMakeFiles/cmTC_4c0a3.dir/build
make[1]: 进入目录“/home/pi/puppy_pi/build/CMakeFiles/CMakeTmp”
Building CXX object CMakeFiles/cmTC_4c0a3.dir/CheckIncludeFile.cxx.o
/usr/bin/c++     -o CMakeFiles/cmTC_4c0a3.dir/CheckIncludeFile.cxx.o -c /home/pi/puppy_pi/build/CMakeFiles/CMakeTmp/CheckIncludeFile.cxx
/home/pi/puppy_pi/build/CMakeFiles/CMakeTmp/CheckIncludeFile.cxx:1:10: fatal error: pgm.h: 没有那个文件或目录
 #include <pgm.h>
          ^~~~~~~
compilation terminated.
make[1]: *** [CMakeFiles/cmTC_4c0a3.dir/build.make:66：CMakeFiles/cmTC_4c0a3.dir/CheckIncludeFile.cxx.o] 错误 1
make[1]: 离开目录“/home/pi/puppy_pi/build/CMakeFiles/CMakeTmp”
make: *** [Makefile:121：cmTC_4c0a3/fast] 错误 2



